<?xml version="1.0" encoding="UTF-8"?>
<!-- Generated by org.testng.reporters.JUnitReportReporter -->
<testsuite hostname="AroraAamish" failures="0" tests="4" name="Practice.AppiumTestAutoamtion.LoginPageStep" time="23.501" errors="0" timestamp="2022-04-03T23:00:06 IST" skipped="1">
  <testcase classname="Practice.AppiumTestAutoamtion.LoginPageStep" name="logIn" time="7.240"/>
  <system-out/>
  <testcase classname="Practice.AppiumTestAutoamtion.LoginPageStep" name="createWorkOrder" time="10.064"/>
  <system-out/>
  <testcase classname="Practice.AppiumTestAutoamtion.LoginPageStep" name="appLogOut" time="6.197"/>
  <system-out/>
  <testcase classname="Practice.AppiumTestAutoamtion.LoginPageStep" name="signUp">
    <skipped/>
  </testcase> <!-- signUp -->
  <system-out/>
</testsuite> <!-- Practice.AppiumTestAutoamtion.LoginPageStep -->
